# JRE version: OpenJDK Runtime Environment (8.0_242-b01) (build 1.8.0_242-release-1644-b01)
# Java VM: OpenJDK 64-Bit Server VM (25.242-b01 mixed mode windows-amd64 compressed oops)
Heap:
 PSYoungGen      total 520704K, used 520695K [0x00000000d5580000, 0x00000000fc580000, 0x0000000100000000)
  eden space 483328K, 100% used [0x00000000d5580000,0x00000000f2d80000,0x00000000f2d80000)
  from space 37376K, 99% used [0x00000000f6400000,0x00000000f887de68,0x00000000f8880000)
  to   space 55808K, 20% used [0x00000000f2d80000,0x00000000f389d298,0x00000000f6400000)
 ParOldGen       total 286720K, used 140681K [0x0000000080000000, 0x0000000091800000, 0x00000000d5580000)
  object space 286720K, 49% used [0x0000000080000000,0x0000000088962438,0x0000000091800000)
 Metaspace       used 109283K, capacity 115312K, committed 115392K, reserved 1148928K
  class space    used 14404K, capacity 15541K, committed 15616K, reserved 1048576K
GC Heap History (10 events):
Event: 7.578 GC heap after
Heap after GC invocations=12 (full 3):
 PSYoungGen      total 374784K, used 23013K [0x00000000d5580000, 0x00000000f3700000, 0x0000000100000000)
  eden space 351744K, 0% used [0x00000000d5580000,0x00000000d5580000,0x00000000ead00000)
  from space 23040K, 99% used [0x00000000ead00000,0x00000000ec3796a8,0x00000000ec380000)
  to   space 29696K, 0% used [0x00000000f1a00000,0x00000000f1a00000,0x00000000f3700000)
 ParOldGen       total 189440K, used 45052K [0x0000000080000000, 0x000000008b900000, 0x00000000d5580000)
  object space 189440K, 23% used [0x0000000080000000,0x0000000082bff338,0x000000008b900000)
 Metaspace       used 75816K, capacity 80400K, committed 80600K, reserved 1118208K
  class space    used 10404K, capacity 11249K, committed 11264K, reserved 1048576K
}
Event: 9.406 GC heap before
{Heap before GC invocations=13 (full 3):
 PSYoungGen      total 374784K, used 313878K [0x00000000d5580000, 0x00000000f3700000, 0x0000000100000000)
  eden space 351744K, 82% used [0x00000000d5580000,0x00000000e718c358,0x00000000ead00000)
  from space 23040K, 99% used [0x00000000ead00000,0x00000000ec3796a8,0x00000000ec380000)
  to   space 29696K, 0% used [0x00000000f1a00000,0x00000000f1a00000,0x00000000f3700000)
 ParOldGen       total 189440K, used 45052K [0x0000000080000000, 0x000000008b900000, 0x00000000d5580000)
  object space 189440K, 23% used [0x0000000080000000,0x0000000082bff338,0x000000008b900000)
 Metaspace       used 92822K, capacity 98356K, committed 98496K, reserved 1134592K
  class space    used 12479K, capacity 13531K, committed 13568K, reserved 1048576K
Event: 9.429 GC heap after
Heap after GC invocations=13 (full 3):
 PSYoungGen      total 453632K, used 29684K [0x00000000d5580000, 0x00000000f4580000, 0x0000000100000000)
  eden space 423936K, 0% used [0x00000000d5580000,0x00000000d5580000,0x00000000ef380000)
  from space 29696K, 99% used [0x00000000f1a00000,0x00000000f36fd218,0x00000000f3700000)
  to   space 39424K, 0% used [0x00000000ef380000,0x00000000ef380000,0x00000000f1a00000)
 ParOldGen       total 189440K, used 60008K [0x0000000080000000, 0x000000008b900000, 0x00000000d5580000)
  object space 189440K, 31% used [0x0000000080000000,0x0000000083a9a020,0x000000008b900000)
 Metaspace       used 92822K, capacity 98356K, committed 98496K, reserved 1134592K
  class space    used 12479K, capacity 13531K, committed 13568K, reserved 1048576K
}
Event: 9.429 GC heap before
{Heap before GC invocations=14 (full 4):
 PSYoungGen      total 453632K, used 29684K [0x00000000d5580000, 0x00000000f4580000, 0x0000000100000000)
  eden space 423936K, 0% used [0x00000000d5580000,0x00000000d5580000,0x00000000ef380000)
  from space 29696K, 99% used [0x00000000f1a00000,0x00000000f36fd218,0x00000000f3700000)
  to   space 39424K, 0% used [0x00000000ef380000,0x00000000ef380000,0x00000000f1a00000)
 ParOldGen       total 189440K, used 60008K [0x0000000080000000, 0x000000008b900000, 0x00000000d5580000)
  object space 189440K, 31% used [0x0000000080000000,0x0000000083a9a020,0x000000008b900000)
 Metaspace       used 92822K, capacity 98356K, committed 98496K, reserved 1134592K
  class space    used 12479K, capacity 13531K, committed 13568K, reserved 1048576K
Event: 9.550 GC heap after
Heap after GC invocations=14 (full 4):
 PSYoungGen      total 453632K, used 0K [0x00000000d5580000, 0x00000000f4580000, 0x0000000100000000)
  eden space 423936K, 0% used [0x00000000d5580000,0x00000000d5580000,0x00000000ef380000)
  from space 29696K, 0% used [0x00000000f1a00000,0x00000000f1a00000,0x00000000f3700000)
  to   space 39424K, 0% used [0x00000000ef380000,0x00000000ef380000,0x00000000f1a00000)
 ParOldGen       total 286720K, used 71131K [0x0000000080000000, 0x0000000091800000, 0x00000000d5580000)
  object space 286720K, 24% used [0x0000000080000000,0x0000000084576f70,0x0000000091800000)
 Metaspace       used 92170K, capacity 96370K, committed 98496K, reserved 1134592K
  class space    used 12271K, capacity 13138K, committed 13568K, reserved 1048576K
}
Event: 5918.823 GC heap before
{Heap before GC invocations=15 (full 4):
 PSYoungGen      total 453632K, used 423936K [0x00000000d5580000, 0x00000000f4580000, 0x0000000100000000)
  eden space 423936K, 100% used [0x00000000d5580000,0x00000000ef380000,0x00000000ef380000)
  from space 29696K, 0% used [0x00000000f1a00000,0x00000000f1a00000,0x00000000f3700000)
  to   space 39424K, 0% used [0x00000000ef380000,0x00000000ef380000,0x00000000f1a00000)
 ParOldGen       total 286720K, used 71131K [0x0000000080000000, 0x0000000091800000, 0x00000000d5580000)
  object space 286720K, 24% used [0x0000000080000000,0x0000000084576f70,0x0000000091800000)
 Metaspace       used 99796K, capacity 104414K, committed 105536K, reserved 1140736K
  class space    used 13074K, capacity 13996K, committed 14208K, reserved 1048576K
Event: 5918.840 GC heap after
Heap after GC invocations=15 (full 4):
 PSYoungGen      total 463360K, used 17085K [0x00000000d5580000, 0x00000000f8880000, 0x0000000100000000)
  eden space 423936K, 0% used [0x00000000d5580000,0x00000000d5580000,0x00000000ef380000)
  from space 39424K, 43% used [0x00000000ef380000,0x00000000f042f648,0x00000000f1a00000)
  to   space 37376K, 0% used [0x00000000f6400000,0x00000000f6400000,0x00000000f8880000)
 ParOldGen       total 286720K, used 71139K [0x0000000080000000, 0x0000000091800000, 0x00000000d5580000)
  object space 286720K, 24% used [0x0000000080000000,0x0000000084578f70,0x0000000091800000)
 Metaspace       used 99796K, capacity 104414K, committed 105536K, reserved 1140736K
  class space    used 13074K, capacity 13996K, committed 14208K, reserved 1048576K
}
Event: 5919.851 GC heap before
{Heap before GC invocations=16 (full 4):
 PSYoungGen      total 463360K, used 441021K [0x00000000d5580000, 0x00000000f8880000, 0x0000000100000000)
  eden space 423936K, 100% used [0x00000000d5580000,0x00000000ef380000,0x00000000ef380000)
  from space 39424K, 43% used [0x00000000ef380000,0x00000000f042f648,0x00000000f1a00000)
  to   space 37376K, 0% used [0x00000000f6400000,0x00000000f6400000,0x00000000f8880000)
 ParOldGen       total 286720K, used 71139K [0x0000000080000000, 0x0000000091800000, 0x00000000d5580000)
  object space 286720K, 24% used [0x0000000080000000,0x0000000084578f70,0x0000000091800000)
 Metaspace       used 107384K, capacity 113000K, committed 113088K, reserved 1146880K
  class space    used 14194K, capacity 15297K, committed 15360K, reserved 1048576K
Event: 5919.897 GC heap after
Heap after GC invocations=16 (full 4):
 PSYoungGen      total 520704K, used 37367K [0x00000000d5580000, 0x00000000fc580000, 0x0000000100000000)
  eden space 483328K, 0% used [0x00000000d5580000,0x00000000d5580000,0x00000000f2d80000)
  from space 37376K, 99% used [0x00000000f6400000,0x00000000f887de68,0x00000000f8880000)
  to   space 55808K, 0% used [0x00000000f2d80000,0x00000000f2d80000,0x00000000f6400000)
 ParOldGen       total 286720K, used 105768K [0x0000000080000000, 0x0000000091800000, 0x00000000d5580000)
  object space 286720K, 36% used [0x0000000080000000,0x000000008674a370,0x0000000091800000)
 Metaspace       used 107384K, capacity 113000K, committed 113088K, reserved 1146880K
  class space    used 14194K, capacity 15297K, committed 15360K, reserved 1048576K
}
Event: 5920.681 GC heap before
{Heap before GC invocations=17 (full 4):
 PSYoungGen      total 520704K, used 520695K [0x00000000d5580000, 0x00000000fc580000, 0x0000000100000000)
  eden space 483328K, 100% used [0x00000000d5580000,0x00000000f2d80000,0x00000000f2d80000)
  from space 37376K, 99% used [0x00000000f6400000,0x00000000f887de68,0x00000000f8880000)
  to   space 55808K, 0% used [0x00000000f2d80000,0x00000000f2d80000,0x00000000f6400000)
 ParOldGen       total 286720K, used 105768K [0x0000000080000000, 0x0000000091800000, 0x00000000d5580000)
  object space 286720K, 36% used [0x0000000080000000,0x000000008674a370,0x0000000091800000)
 Metaspace       used 109283K, capacity 115312K, committed 115392K, reserved 1148928K
  class space    used 14404K, capacity 15541K, committed 15616K, reserved 1048576K

